<?xml version="1.0" encoding="UTF-8"?>
<testng-results ignored="16" total="21" passed="5" failed="0" skipped="0">
  <reporter-output>
    <line>
      <![CDATA[====to connect with server====]]>
    </line>
    <line>
      <![CDATA[=====Launching chrome browser====]]>
    </line>
    <line>
      <![CDATA[=====Launching chrome browser====]]>
    </line>
    <line>
      <![CDATA[=====Launching chrome browser====]]>
    </line>
    <line>
      <![CDATA[=====Launching chrome browser====]]>
    </line>
    <line>
      <![CDATA[=====Launching chrome browser====]]>
    </line>
    <line>
      <![CDATA[to close the connectionm with database]]>
    </line>
    <line>
      <![CDATA[to close the connection  with server]]>
    </line>
  </reporter-output>
  <suite started-at="2024-06-18T07:50:48Z" name="Suite" finished-at="2024-06-18T07:51:10Z" duration-ms="22438">
    <groups>
    </groups>
    <test started-at="2024-06-18T07:50:48Z" name="Test" finished-at="2024-06-18T07:51:10Z" duration-ms="22438">
      <class name="TestScripts.CreateUserTest">
        <test-method is-config="true" signature="setUp()[pri:0, instance:TestScripts.CreateUserTest@2796aeae]" started-at="2024-06-18T07:50:57Z" name="setUp" finished-at="2024-06-18T07:50:59Z" duration-ms="1559" status="PASS">
          <reporter-output>
            <line>
              <![CDATA[=====Launching chrome browser====]]>
            </line>
          </reporter-output>
        </test-method> <!-- setUp -->
        <test-method signature="createUser()[pri:0, instance:TestScripts.CreateUserTest@2796aeae]" started-at="2024-06-18T07:50:59Z" name="createUser" finished-at="2024-06-18T07:51:01Z" duration-ms="2623" status="PASS">
          <reporter-output>
          </reporter-output>
        </test-method> <!-- createUser -->
        <test-method is-config="true" signature="tearDown()[pri:0, instance:TestScripts.CreateUserTest@2796aeae]" started-at="2024-06-18T07:51:01Z" name="tearDown" finished-at="2024-06-18T07:51:02Z" duration-ms="295" status="PASS">
          <reporter-output>
          </reporter-output>
        </test-method> <!-- tearDown -->
      </class> <!-- TestScripts.CreateUserTest -->
      <class name="TestScripts.CreateProjectAndCustomerTest">
        <test-method is-config="true" signature="setUp()[pri:0, instance:TestScripts.CreateProjectAndCustomerTest@b4711e2]" started-at="2024-06-18T07:51:02Z" name="setUp" finished-at="2024-06-18T07:51:03Z" duration-ms="1536" status="PASS">
          <reporter-output>
            <line>
              <![CDATA[=====Launching chrome browser====]]>
            </line>
          </reporter-output>
        </test-method> <!-- setUp -->
        <test-method signature="createCustomerAndProject()[pri:0, instance:TestScripts.CreateProjectAndCustomerTest@b4711e2]" started-at="2024-06-18T07:51:03Z" name="createCustomerAndProject" finished-at="2024-06-18T07:51:06Z" duration-ms="3045" status="PASS">
          <reporter-output>
          </reporter-output>
        </test-method> <!-- createCustomerAndProject -->
        <test-method is-config="true" signature="tearDown()[pri:0, instance:TestScripts.CreateProjectAndCustomerTest@b4711e2]" started-at="2024-06-18T07:51:06Z" name="tearDown" finished-at="2024-06-18T07:51:06Z" duration-ms="273" status="PASS">
          <reporter-output>
          </reporter-output>
        </test-method> <!-- tearDown -->
      </class> <!-- TestScripts.CreateProjectAndCustomerTest -->
      <class name="TestScripts.DeleteAllProjectAndCustomerTest">
        <test-method is-config="true" signature="setUp()[pri:0, instance:TestScripts.DeleteAllProjectAndCustomerTest@1fa1cab1]" started-at="2024-06-18T07:51:06Z" name="setUp" finished-at="2024-06-18T07:51:08Z" duration-ms="1518" status="PASS">
          <reporter-output>
            <line>
              <![CDATA[=====Launching chrome browser====]]>
            </line>
          </reporter-output>
        </test-method> <!-- setUp -->
        <test-method signature="deleteCustomerAndProject()[pri:0, instance:TestScripts.DeleteAllProjectAndCustomerTest@1fa1cab1]" started-at="2024-06-18T07:51:08Z" name="deleteCustomerAndProject" finished-at="2024-06-18T07:51:10Z" duration-ms="2062" status="PASS">
          <reporter-output>
          </reporter-output>
        </test-method> <!-- deleteCustomerAndProject -->
        <test-method is-config="true" signature="tearDown()[pri:0, instance:TestScripts.DeleteAllProjectAndCustomerTest@1fa1cab1]" started-at="2024-06-18T07:51:10Z" name="tearDown" finished-at="2024-06-18T07:51:10Z" duration-ms="277" status="PASS">
          <reporter-output>
          </reporter-output>
        </test-method> <!-- tearDown -->
      </class> <!-- TestScripts.DeleteAllProjectAndCustomerTest -->
      <class name="TestScripts.ValidLoginTest">
        <test-method is-config="true" signature="beforeTest()[pri:0, instance:TestScripts.ValidLoginTest@172b013]" started-at="2024-06-18T07:50:48Z" name="beforeTest" finished-at="2024-06-18T07:50:48Z" duration-ms="24" status="PASS">
          <reporter-output>
            <line>
              <![CDATA[====to connect with server====]]>
            </line>
          </reporter-output>
        </test-method> <!-- beforeTest -->
        <test-method is-config="true" signature="setUp()[pri:0, instance:TestScripts.ValidLoginTest@172b013]" started-at="2024-06-18T07:50:48Z" name="setUp" finished-at="2024-06-18T07:50:51Z" duration-ms="2999" status="PASS">
          <reporter-output>
            <line>
              <![CDATA[=====Launching chrome browser====]]>
            </line>
          </reporter-output>
        </test-method> <!-- setUp -->
        <test-method signature="login()[pri:0, instance:TestScripts.ValidLoginTest@172b013]" started-at="2024-06-18T07:50:51Z" name="login" finished-at="2024-06-18T07:50:53Z" duration-ms="1872" status="PASS">
          <reporter-output>
          </reporter-output>
        </test-method> <!-- login -->
        <test-method is-config="true" signature="tearDown()[pri:0, instance:TestScripts.ValidLoginTest@172b013]" started-at="2024-06-18T07:50:53Z" name="tearDown" finished-at="2024-06-18T07:50:53Z" duration-ms="267" status="PASS">
          <reporter-output>
          </reporter-output>
        </test-method> <!-- tearDown -->
        <test-method is-config="true" signature="afterTest()[pri:0, instance:TestScripts.ValidLoginTest@172b013]" started-at="2024-06-18T07:51:10Z" name="afterTest" finished-at="2024-06-18T07:51:10Z" duration-ms="1" status="PASS">
          <reporter-output>
            <line>
              <![CDATA[to close the connectionm with database]]>
            </line>
          </reporter-output>
        </test-method> <!-- afterTest -->
        <test-method is-config="true" signature="afterSuite()[pri:0, instance:TestScripts.ValidLoginTest@172b013]" started-at="2024-06-18T07:51:10Z" name="afterSuite" finished-at="2024-06-18T07:51:10Z" duration-ms="1" status="PASS">
          <reporter-output>
            <line>
              <![CDATA[to close the connection  with server]]>
            </line>
          </reporter-output>
        </test-method> <!-- afterSuite -->
      </class> <!-- TestScripts.ValidLoginTest -->
      <class name="TestScripts.InvalidLoginTest">
        <test-method is-config="true" signature="setUp()[pri:0, instance:TestScripts.InvalidLoginTest@56673b2c]" started-at="2024-06-18T07:50:53Z" name="setUp" finished-at="2024-06-18T07:50:55Z" duration-ms="1545" status="PASS">
          <reporter-output>
            <line>
              <![CDATA[=====Launching chrome browser====]]>
            </line>
          </reporter-output>
        </test-method> <!-- setUp -->
        <test-method signature="invalidLogin()[pri:0, instance:TestScripts.InvalidLoginTest@56673b2c]" started-at="2024-06-18T07:50:55Z" name="invalidLogin" finished-at="2024-06-18T07:50:57Z" duration-ms="2252" status="PASS">
          <reporter-output>
          </reporter-output>
        </test-method> <!-- invalidLogin -->
        <test-method is-config="true" signature="tearDown()[pri:0, instance:TestScripts.InvalidLoginTest@56673b2c]" started-at="2024-06-18T07:50:57Z" name="tearDown" finished-at="2024-06-18T07:50:57Z" duration-ms="232" status="PASS">
          <reporter-output>
          </reporter-output>
        </test-method> <!-- tearDown -->
      </class> <!-- TestScripts.InvalidLoginTest -->
    </test> <!-- Test -->
  </suite> <!-- Suite -->
</testng-results>
